生成启动时间为 2018/6/5 19:54:54。
     1>项目“C:\Users\xcg\Desktop\code_pra\regex_match\regex_match\regex_match.vcxproj”在节点 2 上(build 个目标)。
     1>InitializeBuildStatus:
         正在创建“Debug\regex_match.unsuccessfulbuild”，因为已指定“AlwaysCreate”。
       ClCompile:
         I:\Program Files (x86)\Microsoft Visual Studio 10.0\VC\bin\CL.exe /c /ZI /nologo /W3 /WX- /Od /Oy- /D _MBCS /Gm /EHsc /RTC1 /MDd /GS /fp:precise /Zc:wchar_t /Zc:forScope /Fo"Debug\\" /Fd"Debug\vc100.pdb" /Gd /TP /analyze- /errorReport:prompt main.cpp
         main.cpp
     1>c:\users\xcg\desktop\code_pra\regex_match\regex_match\main.cpp(47): warning C4996: 'gets': This function or variable may be unsafe. Consider using gets_s instead. To disable deprecation, use _CRT_SECURE_NO_WARNINGS. See online help for details.
                 i:\program files (x86)\microsoft visual studio 10.0\vc\include\stdio.h(277) : 参见“gets”的声明
     1>c:\users\xcg\desktop\code_pra\regex_match\regex_match\main.cpp(48): warning C4996: 'gets': This function or variable may be unsafe. Consider using gets_s instead. To disable deprecation, use _CRT_SECURE_NO_WARNINGS. See online help for details.
                 i:\program files (x86)\microsoft visual studio 10.0\vc\include\stdio.h(277) : 参见“gets”的声明
       Link:
         I:\Program Files (x86)\Microsoft Visual Studio 10.0\VC\bin\link.exe /ERRORREPORT:PROMPT /OUT:"C:\Users\xcg\Desktop\code_pra\regex_match\Debug\regex_match.exe" /NOLOGO kernel32.lib user32.lib gdi32.lib winspool.lib comdlg32.lib advapi32.lib shell32.lib ole32.lib oleaut32.lib uuid.lib odbc32.lib odbccp32.lib /MANIFEST /ManifestFile:"Debug\regex_match.exe.intermediate.manifest" /MANIFESTUAC:"level='asInvoker' uiAccess='false'" /DEBUG /PDB:"C:\Users\xcg\Desktop\code_pra\regex_match\Debug\regex_match.pdb" /TLBID:1 /DYNAMICBASE /NXCOMPAT /IMPLIB:"C:\Users\xcg\Desktop\code_pra\regex_match\Debug\regex_match.lib" /MACHINE:X86 Debug\main.obj
         LINK : 没有找到 C:\Users\xcg\Desktop\code_pra\regex_match\Debug\regex_match.exe 或上一个增量链接没有生成它；正在执行完全链接
         regex_match.vcxproj -> C:\Users\xcg\Desktop\code_pra\regex_match\Debug\regex_match.exe
       Manifest:
         C:\Program Files (x86)\Microsoft SDKs\Windows\v7.0A\bin\mt.exe /nologo /verbose /outputresource:"C:\Users\xcg\Desktop\code_pra\regex_match\Debug\regex_match.exe;#1" /manifest Debug\regex_match.exe.intermediate.manifest
       FinalizeBuildStatus:
         正在删除文件“Debug\regex_match.unsuccessfulbuild”。
         正在对“Debug\regex_match.lastbuildstate”执行 Touch 任务。
     1>已完成生成项目“C:\Users\xcg\Desktop\code_pra\regex_match\regex_match\regex_match.vcxproj”(build 个目标)的操作。

生成成功。

已用时间 00:00:01.23
