生成启动时间为 2018/11/5 22:54:56。
     1>项目“C:\Users\xcg\Desktop\Code_Pra\To_Offer\AddictiveNumber\AddictiveNumber\AddictiveNumber.vcxproj”在节点 2 上(build 个目标)。
     1>PrepareForBuild:
         正在创建目录“C:\Users\xcg\Desktop\Code_Pra\To_Offer\AddictiveNumber\Debug\”。
       InitializeBuildStatus:
         正在创建“Debug\AddictiveNumber.unsuccessfulbuild”，因为已指定“AlwaysCreate”。
       ClCompile:
         I:\Program Files (x86)\Microsoft Visual Studio 10.0\VC\bin\CL.exe /c /ZI /nologo /W3 /WX- /Od /Oy- /D _MBCS /Gm /EHsc /RTC1 /MDd /GS /fp:precise /Zc:wchar_t /Zc:forScope /Fo"Debug\\" /Fd"Debug\vc100.pdb" /Gd /TP /analyze- /errorReport:prompt main.cpp
         main.cpp
     1>c:\users\xcg\desktop\code_pra\to_offer\addictivenumber\addictivenumber\main.cpp(24): warning C4018: “<”: 有符号/无符号不匹配
       Link:
         I:\Program Files (x86)\Microsoft Visual Studio 10.0\VC\bin\link.exe /ERRORREPORT:PROMPT /OUT:"C:\Users\xcg\Desktop\Code_Pra\To_Offer\AddictiveNumber\Debug\AddictiveNumber.exe" /NOLOGO kernel32.lib user32.lib gdi32.lib winspool.lib comdlg32.lib advapi32.lib shell32.lib ole32.lib oleaut32.lib uuid.lib odbc32.lib odbccp32.lib /MANIFEST /ManifestFile:"Debug\AddictiveNumber.exe.intermediate.manifest" /MANIFESTUAC:"level='asInvoker' uiAccess='false'" /DEBUG /PDB:"C:\Users\xcg\Desktop\Code_Pra\To_Offer\AddictiveNumber\Debug\AddictiveNumber.pdb" /TLBID:1 /DYNAMICBASE /NXCOMPAT /IMPLIB:"C:\Users\xcg\Desktop\Code_Pra\To_Offer\AddictiveNumber\Debug\AddictiveNumber.lib" /MACHINE:X86 Debug\main.obj
         AddictiveNumber.vcxproj -> C:\Users\xcg\Desktop\Code_Pra\To_Offer\AddictiveNumber\Debug\AddictiveNumber.exe
       Manifest:
         C:\Program Files (x86)\Microsoft SDKs\Windows\v7.0A\bin\mt.exe /nologo /verbose /outputresource:"C:\Users\xcg\Desktop\Code_Pra\To_Offer\AddictiveNumber\Debug\AddictiveNumber.exe;#1" /manifest Debug\AddictiveNumber.exe.intermediate.manifest
       FinalizeBuildStatus:
         正在删除文件“Debug\AddictiveNumber.unsuccessfulbuild”。
         正在对“Debug\AddictiveNumber.lastbuildstate”执行 Touch 任务。
     1>已完成生成项目“C:\Users\xcg\Desktop\Code_Pra\To_Offer\AddictiveNumber\AddictiveNumber\AddictiveNumber.vcxproj”(build 个目标)的操作。

生成成功。

已用时间 00:00:02.23
