生成启动时间为 2018/8/30 22:29:38。
     1>项目“C:\Users\xcg\Desktop\Code_Pra\To_Offer\my_strcpy\my_strcpy\my_strcpy.vcxproj”在节点 2 上(build 个目标)。
     1>InitializeBuildStatus:
         正在创建“Debug\my_strcpy.unsuccessfulbuild”，因为已指定“AlwaysCreate”。
       ClCompile:
         I:\Program Files (x86)\Microsoft Visual Studio 10.0\VC\bin\CL.exe /c /ZI /nologo /W3 /WX- /Od /Oy- /D _MBCS /Gm /EHsc /RTC1 /MDd /GS /fp:precise /Zc:wchar_t /Zc:forScope /Fo"Debug\\" /Fd"Debug\vc100.pdb" /Gd /TP /analyze- /errorReport:prompt main.cpp
         main.cpp
     1>c:\users\xcg\desktop\code_pra\to_offer\my_strcpy\my_strcpy\main.cpp(23): warning C4553: “==”: 运算符不起任何作用；是否是有意使用“=”的?
     1>c:\users\xcg\desktop\code_pra\to_offer\my_strcpy\my_strcpy\main.cpp(27): warning C4553: “==”: 运算符不起任何作用；是否是有意使用“=”的?
     1>c:\users\xcg\desktop\code_pra\to_offer\my_strcpy\my_strcpy\main.cpp(42): warning C4715: “my_strcpy”: 不是所有的控件路径都返回值
       Link:
         I:\Program Files (x86)\Microsoft Visual Studio 10.0\VC\bin\link.exe /ERRORREPORT:PROMPT /OUT:"C:\Users\xcg\Desktop\Code_Pra\To_Offer\my_strcpy\Debug\my_strcpy.exe" /NOLOGO kernel32.lib user32.lib gdi32.lib winspool.lib comdlg32.lib advapi32.lib shell32.lib ole32.lib oleaut32.lib uuid.lib odbc32.lib odbccp32.lib /MANIFEST /ManifestFile:"Debug\my_strcpy.exe.intermediate.manifest" /MANIFESTUAC:"level='asInvoker' uiAccess='false'" /DEBUG /PDB:"C:\Users\xcg\Desktop\Code_Pra\To_Offer\my_strcpy\Debug\my_strcpy.pdb" /TLBID:1 /DYNAMICBASE /NXCOMPAT /IMPLIB:"C:\Users\xcg\Desktop\Code_Pra\To_Offer\my_strcpy\Debug\my_strcpy.lib" /MACHINE:X86 Debug\main.obj
         LINK : 没有找到 C:\Users\xcg\Desktop\Code_Pra\To_Offer\my_strcpy\Debug\my_strcpy.exe 或上一个增量链接没有生成它；正在执行完全链接
         my_strcpy.vcxproj -> C:\Users\xcg\Desktop\Code_Pra\To_Offer\my_strcpy\Debug\my_strcpy.exe
       Manifest:
         C:\Program Files (x86)\Microsoft SDKs\Windows\v7.0A\bin\mt.exe /nologo /verbose /outputresource:"C:\Users\xcg\Desktop\Code_Pra\To_Offer\my_strcpy\Debug\my_strcpy.exe;#1" /manifest Debug\my_strcpy.exe.intermediate.manifest
       FinalizeBuildStatus:
         正在删除文件“Debug\my_strcpy.unsuccessfulbuild”。
         正在对“Debug\my_strcpy.lastbuildstate”执行 Touch 任务。
     1>已完成生成项目“C:\Users\xcg\Desktop\Code_Pra\To_Offer\my_strcpy\my_strcpy\my_strcpy.vcxproj”(build 个目标)的操作。

生成成功。

已用时间 00:00:00.79
