生成启动时间为 2018/6/9 22:12:36。
     1>项目“C:\Users\xcg\Desktop\Code_Pra\To_Offer\Random_Generator\Random_Generator\Random_Generator.vcxproj”在节点 2 上(build 个目标)。
     1>InitializeBuildStatus:
         正在创建“Debug\Random_Generator.unsuccessfulbuild”，因为已指定“AlwaysCreate”。
       ClCompile:
         I:\Program Files (x86)\Microsoft Visual Studio 10.0\VC\bin\CL.exe /c /ZI /nologo /W3 /WX- /Od /Oy- /D _MBCS /Gm /EHsc /RTC1 /MDd /GS /fp:precise /Zc:wchar_t /Zc:forScope /Fo"Debug\\" /Fd"Debug\vc100.pdb" /Gd /TP /analyze- /errorReport:prompt main.cpp
         main.cpp
     1>c:\users\xcg\desktop\code_pra\to_offer\random_generator\random_generator\main.cpp(11): warning C4244: “参数”: 从“double”转换到“unsigned int”，可能丢失数据
     1>c:\users\xcg\desktop\code_pra\to_offer\random_generator\random_generator\main.cpp(13): warning C4101: “j”: 未引用的局部变量
       Link:
         I:\Program Files (x86)\Microsoft Visual Studio 10.0\VC\bin\link.exe /ERRORREPORT:PROMPT /OUT:"C:\Users\xcg\Desktop\Code_Pra\To_Offer\Random_Generator\Debug\Random_Generator.exe" /NOLOGO kernel32.lib user32.lib gdi32.lib winspool.lib comdlg32.lib advapi32.lib shell32.lib ole32.lib oleaut32.lib uuid.lib odbc32.lib odbccp32.lib /MANIFEST /ManifestFile:"Debug\Random_Generator.exe.intermediate.manifest" /MANIFESTUAC:"level='asInvoker' uiAccess='false'" /DEBUG /PDB:"C:\Users\xcg\Desktop\Code_Pra\To_Offer\Random_Generator\Debug\Random_Generator.pdb" /TLBID:1 /DYNAMICBASE /NXCOMPAT /IMPLIB:"C:\Users\xcg\Desktop\Code_Pra\To_Offer\Random_Generator\Debug\Random_Generator.lib" /MACHINE:X86 Debug\main.obj
         LINK : 没有找到 C:\Users\xcg\Desktop\Code_Pra\To_Offer\Random_Generator\Debug\Random_Generator.exe 或上一个增量链接没有生成它；正在执行完全链接
         Random_Generator.vcxproj -> C:\Users\xcg\Desktop\Code_Pra\To_Offer\Random_Generator\Debug\Random_Generator.exe
       Manifest:
         C:\Program Files (x86)\Microsoft SDKs\Windows\v7.0A\bin\mt.exe /nologo /verbose /outputresource:"C:\Users\xcg\Desktop\Code_Pra\To_Offer\Random_Generator\Debug\Random_Generator.exe;#1" /manifest Debug\Random_Generator.exe.intermediate.manifest
       FinalizeBuildStatus:
         正在删除文件“Debug\Random_Generator.unsuccessfulbuild”。
         正在对“Debug\Random_Generator.lastbuildstate”执行 Touch 任务。
     1>已完成生成项目“C:\Users\xcg\Desktop\Code_Pra\To_Offer\Random_Generator\Random_Generator\Random_Generator.vcxproj”(build 个目标)的操作。

生成成功。

已用时间 00:00:00.63
