生成启动时间为 2018/6/10 11:12:03。
     1>项目“C:\Users\xcg\Desktop\Code_Pra\To_Offer\Helan_Flag\Helan_Flag\Helan_Flag.vcxproj”在节点 2 上(build 个目标)。
     1>PrepareForBuild:
         正在创建目录“C:\Users\xcg\Desktop\Code_Pra\To_Offer\Helan_Flag\Debug\”。
       InitializeBuildStatus:
         正在创建“Debug\Helan_Flag.unsuccessfulbuild”，因为已指定“AlwaysCreate”。
       ClCompile:
         I:\Program Files (x86)\Microsoft Visual Studio 10.0\VC\bin\CL.exe /c /ZI /nologo /W3 /WX- /Od /Oy- /D _MBCS /Gm /EHsc /RTC1 /MDd /GS /fp:precise /Zc:wchar_t /Zc:forScope /Fo"Debug\\" /Fd"Debug\vc100.pdb" /Gd /TP /analyze- /errorReport:prompt main.cpp
         main.cpp
       Link:
         I:\Program Files (x86)\Microsoft Visual Studio 10.0\VC\bin\link.exe /ERRORREPORT:PROMPT /OUT:"C:\Users\xcg\Desktop\Code_Pra\To_Offer\Helan_Flag\Debug\Helan_Flag.exe" /NOLOGO kernel32.lib user32.lib gdi32.lib winspool.lib comdlg32.lib advapi32.lib shell32.lib ole32.lib oleaut32.lib uuid.lib odbc32.lib odbccp32.lib /MANIFEST /ManifestFile:"Debug\Helan_Flag.exe.intermediate.manifest" /MANIFESTUAC:"level='asInvoker' uiAccess='false'" /DEBUG /PDB:"C:\Users\xcg\Desktop\Code_Pra\To_Offer\Helan_Flag\Debug\Helan_Flag.pdb" /TLBID:1 /DYNAMICBASE /NXCOMPAT /IMPLIB:"C:\Users\xcg\Desktop\Code_Pra\To_Offer\Helan_Flag\Debug\Helan_Flag.lib" /MACHINE:X86 Debug\main.obj
         Helan_Flag.vcxproj -> C:\Users\xcg\Desktop\Code_Pra\To_Offer\Helan_Flag\Debug\Helan_Flag.exe
       Manifest:
         C:\Program Files (x86)\Microsoft SDKs\Windows\v7.0A\bin\mt.exe /nologo /verbose /outputresource:"C:\Users\xcg\Desktop\Code_Pra\To_Offer\Helan_Flag\Debug\Helan_Flag.exe;#1" /manifest Debug\Helan_Flag.exe.intermediate.manifest
       FinalizeBuildStatus:
         正在删除文件“Debug\Helan_Flag.unsuccessfulbuild”。
         正在对“Debug\Helan_Flag.lastbuildstate”执行 Touch 任务。
     1>已完成生成项目“C:\Users\xcg\Desktop\Code_Pra\To_Offer\Helan_Flag\Helan_Flag\Helan_Flag.vcxproj”(build 个目标)的操作。

生成成功。

已用时间 00:00:01.39
